sample.interval=20000
"scan" "read.table" "read.csv" 
"scan" "read.table" "read.csv" 
"scan" "read.table" "read.csv" 
"scan" "read.table" "read.csv" 
"scan" "read.table" "read.csv" 
"scan" "read.table" "read.csv" 
"scan" "read.table" "read.csv" 
"scan" "read.table" "read.csv" 
"scan" "read.table" "read.csv" 
"scan" "read.table" "read.csv" 
"scan" "read.table" "read.csv" 
".External2" "type.convert" "read.table" "read.csv" 
".External2" "type.convert" "read.table" "read.csv" 
".External2" "type.convert" "read.table" "read.csv" 
".External2" "type.convert" "read.table" "read.csv" 
".External2" "type.convert" "read.table" "read.csv" 
".External2" "type.convert" "read.table" "read.csv" 
".External2" "type.convert" "read.table" "read.csv" 
"format.default" "format" "format.factor" "format" "format.data.frame" "as.matrix" "print.data.frame" "<Anonymous>" 
"prettyNum" "format.default" "format" "format.data.frame" "as.matrix" "print.data.frame" "<Anonymous>" 
"format.default" "format" "format.factor" "format" "format.data.frame" "as.matrix" "print.data.frame" "<Anonymous>" 
"c" "eval" "eval" "match.arg" "format.default" "format" "format.factor" "format" "format.data.frame" "as.matrix" "print.data.frame" "<Anonymous>" 
"format.default" "format" "format.factor" "format" "format.data.frame" "as.matrix" "print.data.frame" "<Anonymous>" 
"format.default" "format" "format.factor" "format" "format.data.frame" "as.matrix" "print.data.frame" "<Anonymous>" 
"format.default" "format" "format.factor" "format" "format.data.frame" "as.matrix" "print.data.frame" "<Anonymous>" 
"as.character" "row.names.data.frame" "row.names" "format.data.frame" "as.matrix" "print.data.frame" "<Anonymous>" 
"print.default" "print" "print.data.frame" "<Anonymous>" 
"print.default" "print" "print.data.frame" "<Anonymous>" 
"print.default" "print" "print.data.frame" "<Anonymous>" 
"print.default" "print" "print.data.frame" "<Anonymous>" 
"print.default" "print" "print.data.frame" "<Anonymous>" 
"print.default" "print" "print.data.frame" "<Anonymous>" 
"print.default" "print" "print.data.frame" "<Anonymous>" 
"print.default" "print" "print.data.frame" "<Anonymous>" 
"print.default" "print" "print.data.frame" "<Anonymous>" 
"print.default" "print" "print.data.frame" "<Anonymous>" 
"print.default" "print" "print.data.frame" "<Anonymous>" 
"print.default" "print" "print.data.frame" "<Anonymous>" 
"print.default" "print" "print.data.frame" "<Anonymous>" 
"print.default" "print" "print.data.frame" "<Anonymous>" 
"print.default" "print" "print.data.frame" "<Anonymous>" 
"print.default" "print" "print.data.frame" "<Anonymous>" 
"scan" "read.table" "read.csv" 
"scan" "read.table" "read.csv" 
"scan" "read.table" "read.csv" 
"scan" "read.table" "read.csv" 
"scan" "read.table" "read.csv" 
"scan" "read.table" "read.csv" 
"scan" "read.table" "read.csv" 
"scan" "read.table" "read.csv" 
"scan" "read.table" "read.csv" 
"scan" "read.table" "read.csv" 
"scan" "read.table" "read.csv" 
"scan" "read.table" "read.csv" 
".External2" "type.convert" "read.table" "read.csv" 
".External2" "type.convert" "read.table" "read.csv" 
".External2" "type.convert" "read.table" "read.csv" 
".External2" "type.convert" "read.table" "read.csv" 
".External2" "type.convert" "read.table" "read.csv" 
".External2" "type.convert" "read.table" "read.csv" 
".External2" "type.convert" "read.table" "read.csv" 
"as.data.frame" "data.frame" "do.call" "format.data.frame" "as.matrix" "print.data.frame" "<Anonymous>" 
"eval" "FUN" "lapply" "strSub" "str.default" "NextMethod" "str.data.frame" "str" 
"lapply" "do.call" "strSub" "str.default" "NextMethod" "str.data.frame" "str" 
"FUN" "lapply" "strSub" "str.default" "NextMethod" "str.data.frame" "str" 
"min" 
"print.default" "print" "print.factor" "<Anonymous>" 
"print.default" "print" "print.data.frame" "<Anonymous>" 
"print.default" "print" "print.data.frame" "<Anonymous>" 
"names" "names" "structure" "format" "format.factor" "format" "format.data.frame" "as.matrix" "print.data.frame" "<Anonymous>" 
"close.connection" "close" "readRDS" "FUN" "lapply" "find.package" "index.search" "help" "eval" "eval" "?" 
"readRDS" "index.search" "help" "eval" "eval" "?" 
"shell.exec" "browseURL" "print.help_files_with_topic" "<Anonymous>" 
"shell.exec" "browseURL" "print.help_files_with_topic" "<Anonymous>" 
"psub" "htmlify" "isBlankLineRd" "addParaBreaks" "writeLines" "writeLinesUTF8" "of1" "writeBlock" "writeContent" "writeSection" "Rd2HTML" "httpd" "doTryCatch" "tryCatchOne" "tryCatchList" "tryCatch" "try" 
"sub" "httpd" "doTryCatch" "tryCatchOne" "tryCatchList" "tryCatch" "try" 
"format.default" "format" "format.factor" "format" "format.data.frame" "as.matrix" "print.data.frame" "<Anonymous>" 
"anyDuplicated.default" "anyDuplicated" "data.frame" "do.call" "format.data.frame" "as.matrix" "print.data.frame" "<Anonymous>" 
"print.default" "print" "print.data.frame" "<Anonymous>" 
"min" "[.data.frame" "[" 
"stop" "[.data.frame" "[" 
"print.default" "print" "print.data.frame" "<Anonymous>" 
"match" "%in%" "[.data.frame" "[" "head.data.frame" "head" 
"format.default" "format" "format.factor" "format" "format.data.frame" "as.matrix" "print.data.frame" "<Anonymous>" 
"as.character" "row.names.data.frame" "row.names" "format.data.frame" "as.matrix" "print.data.frame" "<Anonymous>" 
"make.unique" "[.data.frame" "[" 
"print.default" "print" "print.data.frame" "<Anonymous>" 
"print.default" "print" "print.data.frame" "<Anonymous>" 
"print.default" "print" "print.data.frame" "<Anonymous>" 
"encodeString" "print.factor" "<Anonymous>" 
"encodeString" "print.factor" "<Anonymous>" 
"c" "pmatch" ".deparseOpts" "deparse" "eval" "match.arg" "format.default" "format" "format.factor" "format" "format.data.frame" "as.matrix" "print.data.frame" "<Anonymous>" 
"print.default" "print" "print.data.frame" "<Anonymous>" 
"print.default" "print" "print.data.frame" "<Anonymous>" 
"stop" "[.data.frame" "[" 
"scan" "read.table" "read.csv" 
"scan" "read.table" "read.csv" 
"scan" "read.table" "read.csv" 
"scan" "read.table" "read.csv" 
"scan" "read.table" "read.csv" 
"scan" "read.table" "read.csv" 
"scan" "read.table" "read.csv" 
"scan" "read.table" "read.csv" 
"scan" "read.table" "read.csv" 
"scan" "read.table" "read.csv" 
"scan" "read.table" "read.csv" 
"scan" "read.table" "read.csv" 
".External2" "type.convert" "read.table" "read.csv" 
".External2" "type.convert" "read.table" "read.csv" 
".External2" "type.convert" "read.table" "read.csv" 
".External2" "type.convert" "read.table" "read.csv" 
".External2" "type.convert" "read.table" "read.csv" 
".External2" "type.convert" "read.table" "read.csv" 
".External2" "type.convert" "read.table" "read.csv" 
"match" "%in%" "deparse" "eval" "match.arg" "format.default" "format" "format.data.frame" "as.matrix" "print.data.frame" "<Anonymous>" 
"print.default" "print" "print.data.frame" "<Anonymous>" 
"print.default" "print" "print.data.frame" "<Anonymous>" 
".deparseOpts" "deparse" "mode" "source" 
"scan" "read.table" "read.csv" "best" 
"scan" "read.table" "read.csv" "best" 
"scan" "read.table" "read.csv" "best" 
"scan" "read.table" "read.csv" "best" 
"scan" "read.table" "read.csv" "best" 
"scan" "read.table" "read.csv" "best" 
"scan" "read.table" "read.csv" "best" 
"scan" "read.table" "read.csv" "best" 
"scan" "read.table" "read.csv" "best" 
"scan" "read.table" "read.csv" "best" 
"scan" "read.table" "read.csv" "best" 
".External2" "type.convert" "read.table" "read.csv" "best" 
".External2" "type.convert" "read.table" "read.csv" "best" 
".External2" "type.convert" "read.table" "read.csv" "best" 
".External2" "type.convert" "read.table" "read.csv" "best" 
".External2" "type.convert" "read.table" "read.csv" "best" 
".External2" "type.convert" "read.table" "read.csv" "best" 
"match" "%in%" ".deparseOpts" "deparse" "eval" "match.arg" "type.convert" "read.table" "read.csv" "best" 
".External2" "type.convert" "read.table" "read.csv" "best" 
"readRDS" "FUN" "lapply" "find.package" "index.search" "help" "eval" "eval" "?" 
"readRDS" "index.search" "help" "eval" "eval" "?" 
"shell.exec" "browseURL" "print.help_files_with_topic" "<Anonymous>" 
"shell.exec" "browseURL" "print.help_files_with_topic" "<Anonymous>" 
"get" ":::" "<Anonymous>" "prepare_Rd" "Rd2HTML" "httpd" "doTryCatch" "tryCatchOne" "tryCatchList" "tryCatch" "try" 
"vhtmlify" "writeLines" "writeLinesUTF8" "of1" "writeBlock" "writeContent" "writeWrapped" "writeBlock" "writeContent" "writeContent" "writeSection" "Rd2HTML" "httpd" "doTryCatch" "tryCatchOne" "tryCatchList" "tryCatch" "try" 
"psub" "htmlify" "isBlankLineRd" "addParaBreaks" "writeLines" "writeLinesUTF8" "of1" "writeBlock" "writeContent" "writeHref" "writeLink" "writeBlock" "writeContent" "writeWrapped" "writeBlock" "writeContent" "writeSection" "Rd2HTML" "httpd" "doTryCatch" "tryCatchOne" "tryCatchList" "tryCatch" "try" 
"scan" "read.table" "read.csv" "best" 
"scan" "read.table" "read.csv" "best" 
"scan" "read.table" "read.csv" "best" 
"scan" "read.table" "read.csv" "best" 
"scan" "read.table" "read.csv" "best" 
"scan" "read.table" "read.csv" "best" 
"scan" "read.table" "read.csv" "best" 
"scan" "read.table" "read.csv" "best" 
"scan" "read.table" "read.csv" "best" 
"scan" "read.table" "read.csv" "best" 
".External2" "type.convert" "read.table" "read.csv" "best" 
".External2" "type.convert" "read.table" "read.csv" "best" 
".External2" "type.convert" "read.table" "read.csv" "best" 
".External2" "type.convert" "read.table" "read.csv" "best" 
".External2" "type.convert" "read.table" "read.csv" "best" 
".External2" "type.convert" "read.table" "read.csv" "best" 
".External2" "type.convert" "read.table" "read.csv" "best" 
"as.numeric" "data.frame" "best" 
"make.names" "read.table" "read.csv" "best" 
"scan" "read.table" "read.csv" "best" 
"scan" "read.table" "read.csv" "best" 
"scan" "read.table" "read.csv" "best" 
"scan" "read.table" "read.csv" "best" 
"scan" "read.table" "read.csv" "best" 
"scan" "read.table" "read.csv" "best" 
"scan" "read.table" "read.csv" "best" 
"scan" "read.table" "read.csv" "best" 
"scan" "read.table" "read.csv" "best" 
"scan" "read.table" "read.csv" "best" 
".External2" "type.convert" "read.table" "read.csv" "best" 
".External2" "type.convert" "read.table" "read.csv" "best" 
".External2" "type.convert" "read.table" "read.csv" "best" 
".External2" "type.convert" "read.table" "read.csv" "best" 
".External2" "type.convert" "read.table" "read.csv" "best" 
".External2" "type.convert" "read.table" "read.csv" "best" 
".External2" "type.convert" "read.table" "read.csv" "best" 
".External2" "type.convert" "read.table" "read.csv" "best" 
"make.names" "read.table" "read.csv" "best" 
"scan" "read.table" "read.csv" "best" 
"scan" "read.table" "read.csv" "best" 
"scan" "read.table" "read.csv" "best" 
"scan" "read.table" "read.csv" "best" 
"scan" "read.table" "read.csv" "best" 
"scan" "read.table" "read.csv" "best" 
"scan" "read.table" "read.csv" "best" 
"scan" "read.table" "read.csv" "best" 
"scan" "read.table" "read.csv" "best" 
"scan" "read.table" "read.csv" "best" 
".External2" "type.convert" "read.table" "read.csv" "best" 
".External2" "type.convert" "read.table" "read.csv" "best" 
".External2" "type.convert" "read.table" "read.csv" "best" 
".External2" "type.convert" "read.table" "read.csv" "best" 
".External2" "type.convert" "read.table" "read.csv" "best" 
".External2" "type.convert" "read.table" "read.csv" "best" 
".External2" "type.convert" "read.table" "read.csv" "best" 
".External2" "type.convert" "read.table" "read.csv" "best" 
"scan" "read.table" "read.csv" "best" 
"scan" "read.table" "read.csv" "best" 
"scan" "read.table" "read.csv" "best" 
"scan" "read.table" "read.csv" "best" 
"scan" "read.table" "read.csv" "best" 
"scan" "read.table" "read.csv" "best" 
"scan" "read.table" "read.csv" "best" 
"scan" "read.table" "read.csv" "best" 
"scan" "read.table" "read.csv" "best" 
"scan" "read.table" "read.csv" "best" 
"scan" "read.table" "read.csv" "best" 
".External2" "type.convert" "read.table" "read.csv" "best" 
".External2" "type.convert" "read.table" "read.csv" "best" 
".External2" "type.convert" "read.table" "read.csv" "best" 
".External2" "type.convert" "read.table" "read.csv" "best" 
".External2" "type.convert" "read.table" "read.csv" "best" 
".External2" "type.convert" "read.table" "read.csv" "best" 
".External2" "type.convert" "read.table" "read.csv" "best" 
".External2" "type.convert" "read.table" "read.csv" "best" 
"scan" "read.table" "read.csv" "best" 
"scan" "read.table" "read.csv" "best" 
"scan" "read.table" "read.csv" "best" 
"scan" "read.table" "read.csv" "best" 
"scan" "read.table" "read.csv" "best" 
"scan" "read.table" "read.csv" "best" 
"scan" "read.table" "read.csv" "best" 
"scan" "read.table" "read.csv" "best" 
"scan" "read.table" "read.csv" "best" 
"scan" "read.table" "read.csv" "best" 
"scan" "read.table" "read.csv" "best" 
".External2" "type.convert" "read.table" "read.csv" "best" 
".External2" "type.convert" "read.table" "read.csv" "best" 
".External2" "type.convert" "read.table" "read.csv" "best" 
".External2" "type.convert" "read.table" "read.csv" "best" 
".External2" "type.convert" "read.table" "read.csv" "best" 
".External2" "type.convert" "read.table" "read.csv" "best" 
".External2" "type.convert" "read.table" "read.csv" "best" 
"best" 
"file.info" "file.mtime" "srcfilecopy" "source" 
"source" 
"scan" "read.table" "read.csv" "best" 
"scan" "read.table" "read.csv" "best" 
"scan" "read.table" "read.csv" "best" 
"scan" "read.table" "read.csv" "best" 
"scan" "read.table" "read.csv" "best" 
"scan" "read.table" "read.csv" "best" 
"scan" "read.table" "read.csv" "best" 
"scan" "read.table" "read.csv" "best" 
"scan" "read.table" "read.csv" "best" 
"scan" "read.table" "read.csv" "best" 
"deparse" "eval" "match.arg" "type.convert" "read.table" "read.csv" "best" 
".External2" "type.convert" "read.table" "read.csv" "best" 
".External2" "type.convert" "read.table" "read.csv" "best" 
".External2" "type.convert" "read.table" "read.csv" "best" 
".External2" "type.convert" "read.table" "read.csv" "best" 
".External2" "type.convert" "read.table" "read.csv" "best" 
".External2" "type.convert" "read.table" "read.csv" "best" 
".External2" "type.convert" "read.table" "read.csv" "best" 
"scan" "read.table" "read.csv" "best" 
"scan" "read.table" "read.csv" "best" 
"scan" "read.table" "read.csv" "best" 
"scan" "read.table" "read.csv" "best" 
"scan" "read.table" "read.csv" "best" 
"scan" "read.table" "read.csv" "best" 
"scan" "read.table" "read.csv" "best" 
"scan" "read.table" "read.csv" "best" 
"scan" "read.table" "read.csv" "best" 
"scan" "read.table" "read.csv" "best" 
".External2" "type.convert" "read.table" "read.csv" "best" 
".External2" "type.convert" "read.table" "read.csv" "best" 
".External2" "type.convert" "read.table" "read.csv" "best" 
".External2" "type.convert" "read.table" "read.csv" "best" 
".External2" "type.convert" "read.table" "read.csv" "best" 
".External2" "type.convert" "read.table" "read.csv" "best" 
".External2" "type.convert" "read.table" "read.csv" "best" 
"scan" "read.table" "read.csv" "best" 
"scan" "read.table" "read.csv" "best" 
"scan" "read.table" "read.csv" "best" 
"scan" "read.table" "read.csv" "best" 
"scan" "read.table" "read.csv" "best" 
"scan" "read.table" "read.csv" "best" 
"scan" "read.table" "read.csv" "best" 
"scan" "read.table" "read.csv" "best" 
"scan" "read.table" "read.csv" "best" 
"scan" "read.table" "read.csv" "best" 
".External2" "type.convert" "read.table" "read.csv" "best" 
".External2" "type.convert" "read.table" "read.csv" "best" 
".External2" "type.convert" "read.table" "read.csv" "best" 
".External2" "type.convert" "read.table" "read.csv" "best" 
".External2" "type.convert" "read.table" "read.csv" "best" 
".External2" "type.convert" "read.table" "read.csv" "best" 
".External2" "type.convert" "read.table" "read.csv" "best" 
".External2" "type.convert" "read.table" "read.csv" "best" 
"scan" "read.table" "read.csv" "best" 
"scan" "read.table" "read.csv" "best" 
"scan" "read.table" "read.csv" "best" 
"scan" "read.table" "read.csv" "best" 
"scan" "read.table" "read.csv" "best" 
"scan" "read.table" "read.csv" "best" 
"scan" "read.table" "read.csv" "best" 
"scan" "read.table" "read.csv" "best" 
"scan" "read.table" "read.csv" "best" 
"scan" "read.table" "read.csv" "best" 
"scan" "read.table" "read.csv" "best" 
".External2" "type.convert" "read.table" "read.csv" "best" 
".External2" "type.convert" "read.table" "read.csv" "best" 
".External2" "type.convert" "read.table" "read.csv" "best" 
".External2" "type.convert" "read.table" "read.csv" "best" 
".External2" "type.convert" "read.table" "read.csv" "best" 
".External2" "type.convert" "read.table" "read.csv" "best" 
".External2" "type.convert" "read.table" "read.csv" "best" 
"eval" "match.arg" "type.convert" "read.table" "read.csv" "best" 
"scan" "read.table" "read.csv" "best" 
"scan" "read.table" "read.csv" "best" 
"scan" "read.table" "read.csv" "best" 
"scan" "read.table" "read.csv" "best" 
"scan" "read.table" "read.csv" "best" 
"scan" "read.table" "read.csv" "best" 
"scan" "read.table" "read.csv" "best" 
"scan" "read.table" "read.csv" "best" 
"scan" "read.table" "read.csv" "best" 
"scan" "read.table" "read.csv" "best" 
"scan" "read.table" "read.csv" "best" 
".External2" "type.convert" "read.table" "read.csv" "best" 
".External2" "type.convert" "read.table" "read.csv" "best" 
".External2" "type.convert" "read.table" "read.csv" "best" 
".External2" "type.convert" "read.table" "read.csv" "best" 
".External2" "type.convert" "read.table" "read.csv" "best" 
".External2" "type.convert" "read.table" "read.csv" "best" 
".External2" "type.convert" "read.table" "read.csv" "best" 
"as.numeric" "data.frame" "best" 
"structure" ".POSIXct" "file.info" "file.mtime" "srcfilecopy" "source" 
"scan" "read.table" "read.csv" "best" 
"scan" "read.table" "read.csv" "best" 
"scan" "read.table" "read.csv" "best" 
"scan" "read.table" "read.csv" "best" 
"scan" "read.table" "read.csv" "best" 
"scan" "read.table" "read.csv" "best" 
"scan" "read.table" "read.csv" "best" 
"scan" "read.table" "read.csv" "best" 
"scan" "read.table" "read.csv" "best" 
"scan" "read.table" "read.csv" "best" 
"scan" "read.table" "read.csv" "best" 
"scan" "read.table" "read.csv" "best" 
".External2" "type.convert" "read.table" "read.csv" "best" 
".External2" "type.convert" "read.table" "read.csv" "best" 
".External2" "type.convert" "read.table" "read.csv" "best" 
".External2" "type.convert" "read.table" "read.csv" "best" 
".External2" "type.convert" "read.table" "read.csv" "best" 
"sys.parent" "sys.function" "formals" "match.arg" "type.convert" "read.table" "read.csv" "best" 
".External2" "type.convert" "read.table" "read.csv" "best" 
"scan" "read.table" "read.csv" "best" 
"scan" "read.table" "read.csv" "best" 
"scan" "read.table" "read.csv" "best" 
"scan" "read.table" "read.csv" "best" 
"scan" "read.table" "read.csv" "best" 
"scan" "read.table" "read.csv" "best" 
"scan" "read.table" "read.csv" "best" 
"scan" "read.table" "read.csv" "best" 
"scan" "read.table" "read.csv" "best" 
"scan" "read.table" "read.csv" "best" 
"read.table" "read.csv" "best" 
".External2" "type.convert" "read.table" "read.csv" "best" 
".External2" "type.convert" "read.table" "read.csv" "best" 
".External2" "type.convert" "read.table" "read.csv" "best" 
".External2" "type.convert" "read.table" "read.csv" "best" 
".External2" "type.convert" "read.table" "read.csv" "best" 
".External2" "type.convert" "read.table" "read.csv" "best" 
".External2" "type.convert" "read.table" "read.csv" "best" 
".External" "read.table" "read.csv" "best" 
"scan" "read.table" "read.csv" "best" 
"scan" "read.table" "read.csv" "best" 
"scan" "read.table" "read.csv" "best" 
"scan" "read.table" "read.csv" "best" 
"scan" "read.table" "read.csv" "best" 
"scan" "read.table" "read.csv" "best" 
"scan" "read.table" "read.csv" "best" 
"scan" "read.table" "read.csv" "best" 
"scan" "read.table" "read.csv" "best" 
"scan" "read.table" "read.csv" "best" 
".External2" "type.convert" "read.table" "read.csv" "best" 
".External2" "type.convert" "read.table" "read.csv" "best" 
".External2" "type.convert" "read.table" "read.csv" "best" 
".External2" "type.convert" "read.table" "read.csv" "best" 
".External2" "type.convert" "read.table" "read.csv" "best" 
".External2" "type.convert" "read.table" "read.csv" "best" 
"type.convert" "read.table" "read.csv" "best" 
".External2" "type.convert" "read.table" "read.csv" "best" 
"close.connection" "close" "readRDS" "FUN" "lapply" "find.package" "index.search" "help" "eval" "eval" "?" 
"shell.exec" "browseURL" "print.help_files_with_topic" "<Anonymous>" 
"shell.exec" "browseURL" "print.help_files_with_topic" "<Anonymous>" 
"readRDS" "lazyLoadDBexec" "<Anonymous>" "<Anonymous>" "prepare_Rd" "Rd2HTML" "httpd" "doTryCatch" "tryCatchOne" "tryCatchList" "tryCatch" "try" 
"unique" "simplify2array" "sapply" "RdTags" "writeContent" "writeContent" "writeSection" "Rd2HTML" "httpd" "doTryCatch" "tryCatchOne" "tryCatchList" "tryCatch" "try" 
"psub" "addParaBreaks" "writeLines" "writeLinesUTF8" "of1" "writeBlock" "writeContent" "writeSection" "Rd2HTML" "httpd" "doTryCatch" "tryCatchOne" "tryCatchList" "tryCatch" "try" 
"grep" "isBlankLineRd" "addParaBreaks" "writeLines" "writeLinesUTF8" "of1" "writeBlock" "writeContent" "writeSection" "Rd2HTML" "httpd" "doTryCatch" "tryCatchOne" "tryCatchList" "tryCatch" "try" 
"writeLines" "writeLinesUTF8" "of1" "writeBlock" "writeContent" "writeSection" "Rd2HTML" "httpd" "doTryCatch" "tryCatchOne" "tryCatchList" "tryCatch" "try" 
"readRDS" "FUN" "lapply" "find.package" "index.search" "help" "eval" "eval" "?" 
"readRDS" "index.search" "help" "eval" "eval" "?" 
"shell.exec" "browseURL" "print.help_files_with_topic" "<Anonymous>" 
"shell.exec" "browseURL" "print.help_files_with_topic" "<Anonymous>" 
"readRDS" "lazyLoadDBexec" "<Anonymous>" "<Anonymous>" "prepare_Rd" "Rd2HTML" "httpd" "doTryCatch" "tryCatchOne" "tryCatchList" "tryCatch" "try" 
"grep" "isBlankLineRd" "addParaBreaks" "writeLines" "writeLinesUTF8" "of1" "writeBlock" "writeContent" "writeSection" "Rd2HTML" "httpd" "doTryCatch" "tryCatchOne" "tryCatchList" "tryCatch" "try" 
"scan" "read.table" "read.csv" "best" 
"scan" "read.table" "read.csv" "best" 
"scan" "read.table" "read.csv" "best" 
"scan" "read.table" "read.csv" "best" 
"scan" "read.table" "read.csv" "best" 
"scan" "read.table" "read.csv" "best" 
"scan" "read.table" "read.csv" "best" 
"scan" "read.table" "read.csv" "best" 
"scan" "read.table" "read.csv" "best" 
"scan" "read.table" "read.csv" "best" 
".External2" "type.convert" "read.table" "read.csv" "best" 
".External2" "type.convert" "read.table" "read.csv" "best" 
".External2" "type.convert" "read.table" "read.csv" "best" 
".External2" "type.convert" "read.table" "read.csv" "best" 
".External2" "type.convert" "read.table" "read.csv" "best" 
".External2" "type.convert" "read.table" "read.csv" "best" 
".External2" "type.convert" "read.table" "read.csv" "best" 
".External2" "type.convert" "read.table" "read.csv" "best" 
"scan" "read.table" "read.csv" "best" 
"scan" "read.table" "read.csv" "best" 
"scan" "read.table" "read.csv" "best" 
"scan" "read.table" "read.csv" "best" 
"scan" "read.table" "read.csv" "best" 
"scan" "read.table" "read.csv" "best" 
"scan" "read.table" "read.csv" "best" 
"scan" "read.table" "read.csv" "best" 
"scan" "read.table" "read.csv" "best" 
"scan" "read.table" "read.csv" "best" 
"scan" "read.table" "read.csv" "best" 
".External2" "type.convert" "read.table" "read.csv" "best" 
".External2" "type.convert" "read.table" "read.csv" "best" 
".External2" "type.convert" "read.table" "read.csv" "best" 
".External2" "type.convert" "read.table" "read.csv" "best" 
".External2" "type.convert" "read.table" "read.csv" "best" 
".External2" "type.convert" "read.table" "read.csv" "best" 
".External2" "type.convert" "read.table" "read.csv" "best" 
"scan" "read.table" "read.csv" "best" 
"scan" "read.table" "read.csv" "best" 
"scan" "read.table" "read.csv" "best" 
"scan" "read.table" "read.csv" "best" 
"scan" "read.table" "read.csv" "best" 
"scan" "read.table" "read.csv" "best" 
"scan" "read.table" "read.csv" "best" 
"scan" "read.table" "read.csv" "best" 
"scan" "read.table" "read.csv" "best" 
"scan" "read.table" "read.csv" "best" 
"scan" "read.table" "read.csv" "best" 
".External2" "type.convert" "read.table" "read.csv" "best" 
".External2" "type.convert" "read.table" "read.csv" "best" 
".External2" "type.convert" "read.table" "read.csv" "best" 
".External2" "type.convert" "read.table" "read.csv" "best" 
".External2" "type.convert" "read.table" "read.csv" "best" 
".External2" "type.convert" "read.table" "read.csv" "best" 
".External2" "type.convert" "read.table" "read.csv" "best" 
"q" 
"q" 
"q" 
"q" 
"q" 
"q" 
"q" 
"q" 
"q" 
"q" 
"q" 
"q" 
"q" 
"q" 
"q" 
"q" 
"q" 
"q" 
"q" 
"q" 
"q" 
"q" 
"q" 
"q" 
"q" 
"q" 
"q" 
"q" 
"q" 
"q" 
"q" 
"q" 
"q" 
"q" 
"q" 
"q" 
"q" 
"q" 
"q" 
"q" 
"q" 
"q" 
"q" 
"q" 
"q" 
"q" 
"q" 
"q" 
"q" 
"q" 
"q" 
"q" 
"q" 
"q" 
"q" 
"q" 
"q" 
"q" 
"q" 
"q" 
"q" 
"q" 
"q" 
"q" 
"q" 
"q" 
"q" 
"q" 
"q" 
"q" 
"q" 
"q" 
"q" 
"q" 
"q" 
"q" 
"q" 
"q" 
"q" 
"q" 
"q" 
"q" 
"q" 
"q" 
"q" 
"q" 
"q" 
"q" 
"q" 
"q" 
"q" 
"q" 
"q" 
"q" 
"q" 
"q" 
"q" 
"q" 
"q" 
"q" 
"q" 
"q" 
"q" 
"q" 
"q" 
"q" 
"q" 
"q" 
"q" 
"q" 
"q" 
"q" 
"q" 
"q" 
"q" 
"q" 
"q" 
"q" 
"q" 
"q" 
"q" 
"q" 
"q" 
"q" 
"q" 
"q" 
"q" 
"q" 
"q" 
"q" 
"q" 
"q" 
"gzfile" "save" "save.image" "sys.save.image" 
"save" "save.image" "sys.save.image" 
"save" "save.image" "sys.save.image" 
"save" "save.image" "sys.save.image" 
